<?xml version="1.0" encoding="UTF-8"?>
<testsuite xmlns:xsi="http://www.w3.org/2001/XMLSchema-instance" xsi:schemaLocation="https://maven.apache.org/surefire/maven-surefire-plugin/xsd/surefire-test-report.xsd" name="vkApiWebServiceTest.TestRunnerForVkService" time="1.218" tests="9" errors="0" skipped="0" failures="0">
  <properties>
[...]
</properties>
  <testcase name="When I post on wall" classname="Scenario: Test positive send post" time="0"/>
  <testcase name="Then Post added to the wall" classname="Scenario: Test positive send post" time="0"/>
  <testcase name="Scenario: Test positive send post" classname="Scenario: Test positive send post" time="0"/>
  <testcase name="When I edit post on wall" classname="Scenario: Test positive edit post" time="0"/>
  <testcase name="Then I check changes after adapter" classname="Scenario: Test positive edit post" time="0"/>
  <testcase name="Scenario: Test positive edit post" classname="Scenario: Test positive edit post" time="0"/>
  <testcase name="When I delete post from the wall" classname="Scenario: Test positive delete post" time="0.001"/>
  <testcase name="Then I check changes after adapter" classname="Scenario: Test positive delete post" time="0"/>
  <testcase name="Scenario: Test positive delete post" classname="Scenario: Test positive delete post" time="0"/>
</testsuite>